<?xml version="1.0" encoding="UTF-8"?>
<!-- Generated by org.testng.reporters.JUnitReportReporter -->
<testsuite hostname="LAPTOP-4O5F9R05" failures="0" tests="1" name="runnerClzPkg.SwagLabsCheckOutRun" time="21.104" errors="0" timestamp="2024-12-01T13:04:37 IST" skipped="0">
  <testcase classname="runnerClzPkg.SwagLabsCheckOutRun" name="runScenario" time="21.104"/>
  <system-out/>
</testsuite> <!-- runnerClzPkg.SwagLabsCheckOutRun -->
