<?xml version="1.0" encoding="UTF-8"?>
<!-- Generated by org.testng.reporters.JUnitReportReporter -->
<testsuite hostname="LAPTOP-4O5F9R05" failures="0" tests="1" name="runnerClzPkg.SwagLabsAddToCartRun" time="28.846" errors="0" timestamp="2024-12-01T13:04:37 IST" skipped="0">
  <testcase classname="runnerClzPkg.SwagLabsAddToCartRun" name="runScenario" time="28.846"/>
  <system-out/>
</testsuite> <!-- runnerClzPkg.SwagLabsAddToCartRun -->
